Determining if the pthread_create exist failed with the following output:
Change Dir: /home/robond/catkin_ws/build/CMakeFiles/CMakeTmp

Run Build Command:"/usr/bin/make" "cmTC_195ad/fast"
/usr/bin/make -f CMakeFiles/cmTC_195ad.dir/build.make CMakeFiles/cmTC_195ad.dir/build
make[1]: Entering directory '/home/robond/catkin_ws/build/CMakeFiles/CMakeTmp'
Building C object CMakeFiles/cmTC_195ad.dir/CheckSymbolExists.c.o
/usr/bin/cc     -o CMakeFiles/cmTC_195ad.dir/CheckSymbolExists.c.o   -c /home/robond/catkin_ws/build/CMakeFiles/CMakeTmp/CheckSymbolExists.c
Linking C executable cmTC_195ad
/usr/bin/cmake -E cmake_link_script CMakeFiles/cmTC_195ad.dir/link.txt --verbose=1
/usr/bin/cc       CMakeFiles/cmTC_195ad.dir/CheckSymbolExists.c.o  -o cmTC_195ad -rdynamic 
CMakeFiles/cmTC_195ad.dir/CheckSymbolExists.c.o: In function `main':
CheckSymbolExists.c:(.text+0x16): undefined reference to `pthread_create'
collect2: error: ld returned 1 exit status
CMakeFiles/cmTC_195ad.dir/build.make:97: recipe for target 'cmTC_195ad' failed
make[1]: *** [cmTC_195ad] Error 1
make[1]: Leaving directory '/home/robond/catkin_ws/build/CMakeFiles/CMakeTmp'
Makefile:126: recipe for target 'cmTC_195ad/fast' failed
make: *** [cmTC_195ad/fast] Error 2

File /home/robond/catkin_ws/build/CMakeFiles/CMakeTmp/CheckSymbolExists.c:
/* */
#include <pthread.h>

int main(int argc, char** argv)
{
  (void)argv;
#ifndef pthread_create
  return ((int*)(&pthread_create))[argc];
#else
  (void)argc;
  return 0;
#endif
}

Determining if the function pthread_create exists in the pthreads failed with the following output:
Change Dir: /home/robond/catkin_ws/build/CMakeFiles/CMakeTmp

Run Build Command:"/usr/bin/make" "cmTC_ebfcf/fast"
/usr/bin/make -f CMakeFiles/cmTC_ebfcf.dir/build.make CMakeFiles/cmTC_ebfcf.dir/build
make[1]: Entering directory '/home/robond/catkin_ws/build/CMakeFiles/CMakeTmp'
Building C object CMakeFiles/cmTC_ebfcf.dir/CheckFunctionExists.c.o
/usr/bin/cc    -DCHECK_FUNCTION_EXISTS=pthread_create   -o CMakeFiles/cmTC_ebfcf.dir/CheckFunctionExists.c.o   -c /usr/share/cmake-3.5/Modules/CheckFunctionExists.c
Linking C executable cmTC_ebfcf
/usr/bin/cmake -E cmake_link_script CMakeFiles/cmTC_ebfcf.dir/link.txt --verbose=1
/usr/bin/cc   -DCHECK_FUNCTION_EXISTS=pthread_create    CMakeFiles/cmTC_ebfcf.dir/CheckFunctionExists.c.o  -o cmTC_ebfcf -rdynamic -lpthreads 
/usr/bin/ld: cannot find -lpthreads
collect2: error: ld returned 1 exit status
CMakeFiles/cmTC_ebfcf.dir/build.make:97: recipe for target 'cmTC_ebfcf' failed
make[1]: *** [cmTC_ebfcf] Error 1
make[1]: Leaving directory '/home/robond/catkin_ws/build/CMakeFiles/CMakeTmp'
Makefile:126: recipe for target 'cmTC_ebfcf/fast' failed
make: *** [cmTC_ebfcf/fast] Error 2


